[debug] [2021-10-19T17:49:29.303Z] ----------------------------------------------------------------------
[debug] [2021-10-19T17:49:29.305Z] Command:       C:\Program Files\nodejs\node.exe C:\Program Files\nodejs\node_modules\firebase-tools\lib\bin\firebase.js serve
[debug] [2021-10-19T17:49:29.306Z] CLI Version:   9.20.0
[debug] [2021-10-19T17:49:29.306Z] Platform:      win32
[debug] [2021-10-19T17:49:29.306Z] Node Version:  v14.17.4
[debug] [2021-10-19T17:49:29.307Z] Time:          Tue Oct 19 2021 19:49:29 GMT+0200 (Mitteleuropäische Sommerzeit)
[debug] [2021-10-19T17:49:29.307Z] ----------------------------------------------------------------------
[debug] 
[debug] [2021-10-19T17:49:29.368Z] > command requires scopes: ["email","openid","https://www.googleapis.com/auth/cloudplatformprojects.readonly","https://www.googleapis.com/auth/firebase","https://www.googleapis.com/auth/cloud-platform"]
[debug] [2021-10-19T17:49:29.368Z] > authorizing via signed-in user (beritstange@gmail.com)
[debug] [2021-10-19T17:49:29.368Z] [iam] checking project medi-app-1-715b8 for permissions ["firebase.projects.get"]
[debug] [2021-10-19T17:49:29.371Z] > refreshing access token with scopes: ["email","https://www.googleapis.com/auth/cloud-platform","https://www.googleapis.com/auth/cloudplatformprojects.readonly","https://www.googleapis.com/auth/firebase","openid"]
[debug] [2021-10-19T17:49:29.371Z] >>> HTTP REQUEST POST https://www.googleapis.com/oauth2/v3/token  
 <request body omitted>
[debug] [2021-10-19T17:49:29.493Z] <<< HTTP RESPONSE 200 {"date":"Tue, 19 Oct 2021 17:49:28 GMT","cache-control":"no-cache, no-store, max-age=0, must-revalidate","expires":"Mon, 01 Jan 1990 00:00:00 GMT","pragma":"no-cache","content-type":"application/json; charset=utf-8","vary":"X-Origin, Referer, Origin,Accept-Encoding","server":"scaffolding on HTTPServer2","x-xss-protection":"0","x-frame-options":"SAMEORIGIN","x-content-type-options":"nosniff","alt-svc":"h3=\":443\"; ma=2592000,h3-29=\":443\"; ma=2592000,h3-Q050=\":443\"; ma=2592000,h3-Q046=\":443\"; ma=2592000,h3-Q043=\":443\"; ma=2592000","accept-ranges":"none","transfer-encoding":"chunked"}
[debug] [2021-10-19T17:49:29.514Z] >>> HTTP REQUEST POST https://cloudresourcemanager.googleapis.com/v1/projects/medi-app-1-715b8:testIamPermissions  
 {"permissions":["firebase.projects.get"]}
[debug] [2021-10-19T17:49:30.223Z] <<< HTTP RESPONSE 200 {"content-type":"application/json; charset=UTF-8","vary":"X-Origin, Referer, Origin,Accept-Encoding","date":"Tue, 19 Oct 2021 17:49:29 GMT","server":"ESF","cache-control":"private","x-xss-protection":"0","x-frame-options":"SAMEORIGIN","x-content-type-options":"nosniff","server-timing":"gfet4t7; dur=592","alt-svc":"h3=\":443\"; ma=2592000,h3-29=\":443\"; ma=2592000,h3-T051=\":443\"; ma=2592000,h3-Q050=\":443\"; ma=2592000,h3-Q046=\":443\"; ma=2592000,h3-Q043=\":443\"; ma=2592000,quic=\":443\"; ma=2592000; v=\"46,43\"","accept-ranges":"none","transfer-encoding":"chunked"}
[debug] [2021-10-19T17:49:30.224Z] > refreshing access token with scopes: []
[debug] [2021-10-19T17:49:30.224Z] >>> HTTP REQUEST POST https://www.googleapis.com/oauth2/v3/token  
 <request body omitted>
[debug] [2021-10-19T17:49:30.293Z] <<< HTTP RESPONSE 200 {"expires":"Mon, 01 Jan 1990 00:00:00 GMT","pragma":"no-cache","date":"Tue, 19 Oct 2021 17:49:29 GMT","cache-control":"no-cache, no-store, max-age=0, must-revalidate","content-type":"application/json; charset=utf-8","vary":"X-Origin, Referer, Origin,Accept-Encoding","server":"scaffolding on HTTPServer2","x-xss-protection":"0","x-frame-options":"SAMEORIGIN","x-content-type-options":"nosniff","alt-svc":"h3=\":443\"; ma=2592000,h3-29=\":443\"; ma=2592000,h3-Q050=\":443\"; ma=2592000,h3-Q046=\":443\"; ma=2592000,h3-Q043=\":443\"; ma=2592000","accept-ranges":"none","transfer-encoding":"chunked"}
[debug] [2021-10-19T17:49:30.314Z] >>> [apiv2][query] GET https://firebase.googleapis.com/v1beta1/projects/medi-app-1-715b8 [none]
[debug] [2021-10-19T17:49:30.614Z] <<< [apiv2][status] GET https://firebase.googleapis.com/v1beta1/projects/medi-app-1-715b8 200
[debug] [2021-10-19T17:49:30.614Z] <<< [apiv2][body] GET https://firebase.googleapis.com/v1beta1/projects/medi-app-1-715b8 {"projectId":"medi-app-1-715b8","projectNumber":"517345081734","displayName":"medi-app-1","name":"projects/medi-app-1-715b8","resources":{"hostingSite":"medi-app-1-715b8","storageBucket":"medi-app-1-715b8.appspot.com","locationId":"europe-west"},"state":"ACTIVE"}
[info] 
[info] === Serving from 'F:\PRIVAT\WEB\medication-counter-app-react'...
[info] 
[info] +  functions: Using node@14 from host. {"metadata":{"emulator":{"name":"functions"},"message":"Using node@14 from host."}}
[debug] [2021-10-19T17:49:30.625Z] defaultcredentials: writing to file C:\Users\admin\AppData\Roaming\firebase\beritstange_gmail_com_application_default_credentials.json
[debug] [2021-10-19T17:49:30.627Z] Setting GAC to C:\Users\admin\AppData\Roaming\firebase\beritstange_gmail_com_application_default_credentials.json {"metadata":{"emulator":{"name":"functions"},"message":"Setting GAC to C:\\Users\\admin\\AppData\\Roaming\\firebase\\beritstange_gmail_com_application_default_credentials.json"}}
[debug] [2021-10-19T17:49:30.628Z] >>> [apiv2][query] GET https://firebase.googleapis.com/v1beta1/projects/medi-app-1-715b8/adminSdkConfig [none]
[debug] [2021-10-19T17:49:31.038Z] <<< [apiv2][status] GET https://firebase.googleapis.com/v1beta1/projects/medi-app-1-715b8/adminSdkConfig 200
[debug] [2021-10-19T17:49:31.038Z] <<< [apiv2][body] GET https://firebase.googleapis.com/v1beta1/projects/medi-app-1-715b8/adminSdkConfig {"projectId":"medi-app-1-715b8","storageBucket":"medi-app-1-715b8.appspot.com","locationId":"europe-west"}
[info] i  functions: Watching "F:\PRIVAT\WEB\medication-counter-app-react\functions" for Cloud Functions... {"metadata":{"emulator":{"name":"functions"},"message":"Watching \"F:\\PRIVAT\\WEB\\medication-counter-app-react\\functions\" for Cloud Functions..."}}
[debug] [2021-10-19T17:49:31.066Z] [worker-pool] addWorker(~diagnostic~) {"metadata":{"emulator":{"name":"functions"},"message":"[worker-pool] addWorker(~diagnostic~)"}}
[debug] [2021-10-19T17:49:31.066Z] [worker-pool] Adding worker with key ~diagnostic~, total=1 {"metadata":{"emulator":{"name":"functions"},"message":"[worker-pool] Adding worker with key ~diagnostic~, total=1"}}
[debug] [2021-10-19T17:49:31.066Z] [worker-pool] submitWork(triggerId=) {"metadata":{"emulator":{"name":"functions"},"message":"[worker-pool] submitWork(triggerId=)"}}
[debug] [2021-10-19T17:49:31.067Z] [worker-~diagnostic~-e42c771c-a201-4428-bea3-041ed1c07d1f]: Assigning socketPath: \\?\pipe\F:\PRIVAT\WEB\medication-counter-app-react\functions\9772 {"metadata":{"emulator":{"name":"functions"},"message":"[worker-~diagnostic~-e42c771c-a201-4428-bea3-041ed1c07d1f]: Assigning socketPath: \\\\?\\pipe\\F:\\PRIVAT\\WEB\\medication-counter-app-react\\functions\\9772"}}
[debug] [2021-10-19T17:49:31.067Z] [worker-~diagnostic~-e42c771c-a201-4428-bea3-041ed1c07d1f]: BUSY {"metadata":{"emulator":{"name":"functions"},"message":"[worker-~diagnostic~-e42c771c-a201-4428-bea3-041ed1c07d1f]: BUSY"}}
[debug] [2021-10-19T17:49:31.347Z] [runtime-status] [9772] Functions runtime initialized. {"cwd":"F:\\PRIVAT\\WEB\\medication-counter-app-react\\functions","node_version":"14.17.4"} {"metadata":{"emulator":{"name":"functions"},"message":"[runtime-status] [9772] Functions runtime initialized. {\"cwd\":\"F:\\\\PRIVAT\\\\WEB\\\\medication-counter-app-react\\\\functions\",\"node_version\":\"14.17.4\"}"}}
[debug] [2021-10-19T17:49:31.348Z] [runtime-status] [9772] Disabled runtime features: undefined {"metadata":{"emulator":{"name":"functions"},"message":"[runtime-status] [9772] Disabled runtime features: undefined"}}
[debug] [2021-10-19T17:49:31.351Z] [runtime-status] [9772] Resolved module firebase-admin {"declared":true,"installed":true,"version":"9.12.0","resolution":"F:\\PRIVAT\\WEB\\medication-counter-app-react\\functions\\node_modules\\firebase-admin\\lib\\index.js"} {"metadata":{"emulator":{"name":"functions"},"message":"[runtime-status] [9772] Resolved module firebase-admin {\"declared\":true,\"installed\":true,\"version\":\"9.12.0\",\"resolution\":\"F:\\\\PRIVAT\\\\WEB\\\\medication-counter-app-react\\\\functions\\\\node_modules\\\\firebase-admin\\\\lib\\\\index.js\"}"}}
[debug] [2021-10-19T17:49:31.355Z] [runtime-status] [9772] Resolved module firebase-functions {"declared":true,"installed":true,"version":"3.15.7","resolution":"F:\\PRIVAT\\WEB\\medication-counter-app-react\\functions\\node_modules\\firebase-functions\\lib\\index.js"} {"metadata":{"emulator":{"name":"functions"},"message":"[runtime-status] [9772] Resolved module firebase-functions {\"declared\":true,\"installed\":true,\"version\":\"3.15.7\",\"resolution\":\"F:\\\\PRIVAT\\\\WEB\\\\medication-counter-app-react\\\\functions\\\\node_modules\\\\firebase-functions\\\\lib\\\\index.js\"}"}}
[debug] [2021-10-19T17:49:31.356Z] [runtime-status] [9772] Outgoing network have been stubbed. [{"name":"http","status":"mocked"},{"name":"http","status":"mocked"},{"name":"https","status":"mocked"},{"name":"https","status":"mocked"},{"name":"net","status":"mocked"}] {"metadata":{"emulator":{"name":"functions"},"message":"[runtime-status] [9772] Outgoing network have been stubbed. [{\"name\":\"http\",\"status\":\"mocked\"},{\"name\":\"http\",\"status\":\"mocked\"},{\"name\":\"https\",\"status\":\"mocked\"},{\"name\":\"https\",\"status\":\"mocked\"},{\"name\":\"net\",\"status\":\"mocked\"}]"}}
[debug] [2021-10-19T17:49:31.358Z] [runtime-status] [9772] Resolved module firebase-functions {"declared":true,"installed":true,"version":"3.15.7","resolution":"F:\\PRIVAT\\WEB\\medication-counter-app-react\\functions\\node_modules\\firebase-functions\\lib\\index.js"} {"metadata":{"emulator":{"name":"functions"},"message":"[runtime-status] [9772] Resolved module firebase-functions {\"declared\":true,\"installed\":true,\"version\":\"3.15.7\",\"resolution\":\"F:\\\\PRIVAT\\\\WEB\\\\medication-counter-app-react\\\\functions\\\\node_modules\\\\firebase-functions\\\\lib\\\\index.js\"}"}}
[debug] [2021-10-19T17:49:31.407Z] [runtime-status] [9772] Checked functions.config() {"config":{}} {"metadata":{"emulator":{"name":"functions"},"message":"[runtime-status] [9772] Checked functions.config() {\"config\":{}}"}}
[debug] [2021-10-19T17:49:31.408Z] [runtime-status] [9772] firebase-functions has been stubbed. {"functionsResolution":{"declared":true,"installed":true,"version":"3.15.7","resolution":"F:\\PRIVAT\\WEB\\medication-counter-app-react\\functions\\node_modules\\firebase-functions\\lib\\index.js"}} {"metadata":{"emulator":{"name":"functions"},"message":"[runtime-status] [9772] firebase-functions has been stubbed. {\"functionsResolution\":{\"declared\":true,\"installed\":true,\"version\":\"3.15.7\",\"resolution\":\"F:\\\\PRIVAT\\\\WEB\\\\medication-counter-app-react\\\\functions\\\\node_modules\\\\firebase-functions\\\\lib\\\\index.js\"}}"}}
[debug] [2021-10-19T17:49:31.408Z] [runtime-status] [9772] Resolved module firebase-functions {"declared":true,"installed":true,"version":"3.15.7","resolution":"F:\\PRIVAT\\WEB\\medication-counter-app-react\\functions\\node_modules\\firebase-functions\\lib\\index.js"} {"metadata":{"emulator":{"name":"functions"},"message":"[runtime-status] [9772] Resolved module firebase-functions {\"declared\":true,\"installed\":true,\"version\":\"3.15.7\",\"resolution\":\"F:\\\\PRIVAT\\\\WEB\\\\medication-counter-app-react\\\\functions\\\\node_modules\\\\firebase-functions\\\\lib\\\\index.js\"}"}}
[debug] [2021-10-19T17:49:31.410Z] [runtime-status] [9772] Resolved module firebase-admin {"declared":true,"installed":true,"version":"9.12.0","resolution":"F:\\PRIVAT\\WEB\\medication-counter-app-react\\functions\\node_modules\\firebase-admin\\lib\\index.js"} {"metadata":{"emulator":{"name":"functions"},"message":"[runtime-status] [9772] Resolved module firebase-admin {\"declared\":true,\"installed\":true,\"version\":\"9.12.0\",\"resolution\":\"F:\\\\PRIVAT\\\\WEB\\\\medication-counter-app-react\\\\functions\\\\node_modules\\\\firebase-admin\\\\lib\\\\index.js\"}"}}
[debug] [2021-10-19T17:49:31.410Z] [runtime-status] [9772] Resolved module firebase-functions {"declared":true,"installed":true,"version":"3.15.7","resolution":"F:\\PRIVAT\\WEB\\medication-counter-app-react\\functions\\node_modules\\firebase-functions\\lib\\index.js"} {"metadata":{"emulator":{"name":"functions"},"message":"[runtime-status] [9772] Resolved module firebase-functions {\"declared\":true,\"installed\":true,\"version\":\"3.15.7\",\"resolution\":\"F:\\\\PRIVAT\\\\WEB\\\\medication-counter-app-react\\\\functions\\\\node_modules\\\\firebase-functions\\\\lib\\\\index.js\"}"}}
[debug] [2021-10-19T17:49:31.411Z] [runtime-status] [9772] firebase-admin has been stubbed. {"adminResolution":{"declared":true,"installed":true,"version":"9.12.0","resolution":"F:\\PRIVAT\\WEB\\medication-counter-app-react\\functions\\node_modules\\firebase-admin\\lib\\index.js"}} {"metadata":{"emulator":{"name":"functions"},"message":"[runtime-status] [9772] firebase-admin has been stubbed. {\"adminResolution\":{\"declared\":true,\"installed\":true,\"version\":\"9.12.0\",\"resolution\":\"F:\\\\PRIVAT\\\\WEB\\\\medication-counter-app-react\\\\functions\\\\node_modules\\\\firebase-admin\\\\lib\\\\index.js\"}}"}}
[debug] [2021-10-19T17:49:31.536Z] [runtime-status] [9772] initializeApp(DEFAULT) {"storageBucket":"medi-app-1-715b8.appspot.com","projectId":"medi-app-1-715b8"} {"metadata":{"emulator":{"name":"functions"},"message":"[runtime-status] [9772] initializeApp(DEFAULT) {\"storageBucket\":\"medi-app-1-715b8.appspot.com\",\"projectId\":\"medi-app-1-715b8\"}"}}
[warn] !  functions: The Cloud Firestore emulator is not running, so calls to Firestore will affect production. {"metadata":{"emulator":{"name":"functions"},"message":"The Cloud Firestore emulator is not running, so calls to Firestore will affect production."}}
[info] +  functions[us-central1-api]: http function initialized (http://localhost:5000/medi-app-1-715b8/us-central1/api). {"metadata":{"emulator":{"name":"functions"},"message":"\u001b[1mhttp\u001b[22m function initialized (http://localhost:5000/medi-app-1-715b8/us-central1/api)."}}
[debug] [2021-10-19T17:49:32.322Z] [worker-~diagnostic~-e42c771c-a201-4428-bea3-041ed1c07d1f]: IDLE {"metadata":{"emulator":{"name":"functions"},"message":"[worker-~diagnostic~-e42c771c-a201-4428-bea3-041ed1c07d1f]: IDLE"}}
[debug] [2021-10-19T17:49:58.711Z] [work-queue] {"queueLength":1,"workRunningCount":0}
[debug] [2021-10-19T17:49:58.711Z] [work-queue] {"queueLength":0,"workRunningCount":1}
[debug] [2021-10-19T17:49:58.712Z] Accepted request GET /medi-app-1-715b8/us-central1/api --> us-central1-api
[debug] [2021-10-19T17:49:58.719Z] [worker-pool] addWorker(us-central1-api) {"metadata":{"emulator":{"name":"functions"},"message":"[worker-pool] addWorker(us-central1-api)"}}
[debug] [2021-10-19T17:49:58.719Z] [worker-pool] Adding worker with key us-central1-api, total=1 {"metadata":{"emulator":{"name":"functions"},"message":"[worker-pool] Adding worker with key us-central1-api, total=1"}}
[debug] [2021-10-19T17:49:58.719Z] [worker-pool] submitWork(triggerId=us-central1-api) {"metadata":{"emulator":{"name":"functions"},"message":"[worker-pool] submitWork(triggerId=us-central1-api)"}}
[debug] [2021-10-19T17:49:58.719Z] [worker-us-central1-api-40576917-1627-41b8-b53a-9dedc194d193]: Assigning socketPath: \\?\pipe\F:\PRIVAT\WEB\medication-counter-app-react\functions\10204 {"metadata":{"emulator":{"name":"functions"},"message":"[worker-us-central1-api-40576917-1627-41b8-b53a-9dedc194d193]: Assigning socketPath: \\\\?\\pipe\\F:\\PRIVAT\\WEB\\medication-counter-app-react\\functions\\10204"}}
[debug] [2021-10-19T17:49:58.720Z] [worker-us-central1-api-40576917-1627-41b8-b53a-9dedc194d193]: BUSY {"metadata":{"emulator":{"name":"functions"},"message":"[worker-us-central1-api-40576917-1627-41b8-b53a-9dedc194d193]: BUSY"}}
[debug] [2021-10-19T17:49:58.955Z] [runtime-status] [10204] Functions runtime initialized. {"cwd":"F:\\PRIVAT\\WEB\\medication-counter-app-react\\functions","node_version":"14.17.4"} {"metadata":{"emulator":{"name":"functions"},"function":{"name":"us-central1-api"},"message":"[runtime-status] [10204] Functions runtime initialized. {\"cwd\":\"F:\\\\PRIVAT\\\\WEB\\\\medication-counter-app-react\\\\functions\",\"node_version\":\"14.17.4\"}"}}
[debug] [2021-10-19T17:49:58.956Z] [runtime-status] [10204] Disabled runtime features: undefined {"metadata":{"emulator":{"name":"functions"},"function":{"name":"us-central1-api"},"message":"[runtime-status] [10204] Disabled runtime features: undefined"}}
[debug] [2021-10-19T17:49:58.959Z] [runtime-status] [10204] Resolved module firebase-admin {"declared":true,"installed":true,"version":"9.12.0","resolution":"F:\\PRIVAT\\WEB\\medication-counter-app-react\\functions\\node_modules\\firebase-admin\\lib\\index.js"} {"metadata":{"emulator":{"name":"functions"},"function":{"name":"us-central1-api"},"message":"[runtime-status] [10204] Resolved module firebase-admin {\"declared\":true,\"installed\":true,\"version\":\"9.12.0\",\"resolution\":\"F:\\\\PRIVAT\\\\WEB\\\\medication-counter-app-react\\\\functions\\\\node_modules\\\\firebase-admin\\\\lib\\\\index.js\"}"}}
[debug] [2021-10-19T17:49:58.963Z] [runtime-status] [10204] Resolved module firebase-functions {"declared":true,"installed":true,"version":"3.15.7","resolution":"F:\\PRIVAT\\WEB\\medication-counter-app-react\\functions\\node_modules\\firebase-functions\\lib\\index.js"} {"metadata":{"emulator":{"name":"functions"},"function":{"name":"us-central1-api"},"message":"[runtime-status] [10204] Resolved module firebase-functions {\"declared\":true,\"installed\":true,\"version\":\"3.15.7\",\"resolution\":\"F:\\\\PRIVAT\\\\WEB\\\\medication-counter-app-react\\\\functions\\\\node_modules\\\\firebase-functions\\\\lib\\\\index.js\"}"}}
[debug] [2021-10-19T17:49:58.964Z] [runtime-status] [10204] Outgoing network have been stubbed. [{"name":"http","status":"mocked"},{"name":"http","status":"mocked"},{"name":"https","status":"mocked"},{"name":"https","status":"mocked"},{"name":"net","status":"mocked"}] {"metadata":{"emulator":{"name":"functions"},"function":{"name":"us-central1-api"},"message":"[runtime-status] [10204] Outgoing network have been stubbed. [{\"name\":\"http\",\"status\":\"mocked\"},{\"name\":\"http\",\"status\":\"mocked\"},{\"name\":\"https\",\"status\":\"mocked\"},{\"name\":\"https\",\"status\":\"mocked\"},{\"name\":\"net\",\"status\":\"mocked\"}]"}}
[debug] [2021-10-19T17:49:58.966Z] [runtime-status] [10204] Resolved module firebase-functions {"declared":true,"installed":true,"version":"3.15.7","resolution":"F:\\PRIVAT\\WEB\\medication-counter-app-react\\functions\\node_modules\\firebase-functions\\lib\\index.js"} {"metadata":{"emulator":{"name":"functions"},"function":{"name":"us-central1-api"},"message":"[runtime-status] [10204] Resolved module firebase-functions {\"declared\":true,\"installed\":true,\"version\":\"3.15.7\",\"resolution\":\"F:\\\\PRIVAT\\\\WEB\\\\medication-counter-app-react\\\\functions\\\\node_modules\\\\firebase-functions\\\\lib\\\\index.js\"}"}}
[debug] [2021-10-19T17:49:59.016Z] [runtime-status] [10204] Checked functions.config() {"config":{}} {"metadata":{"emulator":{"name":"functions"},"function":{"name":"us-central1-api"},"message":"[runtime-status] [10204] Checked functions.config() {\"config\":{}}"}}
[debug] [2021-10-19T17:49:59.016Z] [runtime-status] [10204] firebase-functions has been stubbed. {"functionsResolution":{"declared":true,"installed":true,"version":"3.15.7","resolution":"F:\\PRIVAT\\WEB\\medication-counter-app-react\\functions\\node_modules\\firebase-functions\\lib\\index.js"}} {"metadata":{"emulator":{"name":"functions"},"function":{"name":"us-central1-api"},"message":"[runtime-status] [10204] firebase-functions has been stubbed. {\"functionsResolution\":{\"declared\":true,\"installed\":true,\"version\":\"3.15.7\",\"resolution\":\"F:\\\\PRIVAT\\\\WEB\\\\medication-counter-app-react\\\\functions\\\\node_modules\\\\firebase-functions\\\\lib\\\\index.js\"}}"}}
[debug] [2021-10-19T17:49:59.018Z] [runtime-status] [10204] Resolved module firebase-functions {"declared":true,"installed":true,"version":"3.15.7","resolution":"F:\\PRIVAT\\WEB\\medication-counter-app-react\\functions\\node_modules\\firebase-functions\\lib\\index.js"} {"metadata":{"emulator":{"name":"functions"},"function":{"name":"us-central1-api"},"message":"[runtime-status] [10204] Resolved module firebase-functions {\"declared\":true,\"installed\":true,\"version\":\"3.15.7\",\"resolution\":\"F:\\\\PRIVAT\\\\WEB\\\\medication-counter-app-react\\\\functions\\\\node_modules\\\\firebase-functions\\\\lib\\\\index.js\"}"}}
[debug] [2021-10-19T17:49:59.019Z] [runtime-status] [10204] Resolved module firebase-admin {"declared":true,"installed":true,"version":"9.12.0","resolution":"F:\\PRIVAT\\WEB\\medication-counter-app-react\\functions\\node_modules\\firebase-admin\\lib\\index.js"} {"metadata":{"emulator":{"name":"functions"},"function":{"name":"us-central1-api"},"message":"[runtime-status] [10204] Resolved module firebase-admin {\"declared\":true,\"installed\":true,\"version\":\"9.12.0\",\"resolution\":\"F:\\\\PRIVAT\\\\WEB\\\\medication-counter-app-react\\\\functions\\\\node_modules\\\\firebase-admin\\\\lib\\\\index.js\"}"}}
[debug] [2021-10-19T17:49:59.020Z] [runtime-status] [10204] Resolved module firebase-functions {"declared":true,"installed":true,"version":"3.15.7","resolution":"F:\\PRIVAT\\WEB\\medication-counter-app-react\\functions\\node_modules\\firebase-functions\\lib\\index.js"} {"metadata":{"emulator":{"name":"functions"},"function":{"name":"us-central1-api"},"message":"[runtime-status] [10204] Resolved module firebase-functions {\"declared\":true,\"installed\":true,\"version\":\"3.15.7\",\"resolution\":\"F:\\\\PRIVAT\\\\WEB\\\\medication-counter-app-react\\\\functions\\\\node_modules\\\\firebase-functions\\\\lib\\\\index.js\"}"}}
[debug] [2021-10-19T17:49:59.020Z] [runtime-status] [10204] firebase-admin has been stubbed. {"adminResolution":{"declared":true,"installed":true,"version":"9.12.0","resolution":"F:\\PRIVAT\\WEB\\medication-counter-app-react\\functions\\node_modules\\firebase-admin\\lib\\index.js"}} {"metadata":{"emulator":{"name":"functions"},"function":{"name":"us-central1-api"},"message":"[runtime-status] [10204] firebase-admin has been stubbed. {\"adminResolution\":{\"declared\":true,\"installed\":true,\"version\":\"9.12.0\",\"resolution\":\"F:\\\\PRIVAT\\\\WEB\\\\medication-counter-app-react\\\\functions\\\\node_modules\\\\firebase-admin\\\\lib\\\\index.js\"}}"}}
[debug] [2021-10-19T17:49:59.133Z] [runtime-status] [10204] initializeApp(DEFAULT) {"storageBucket":"medi-app-1-715b8.appspot.com","projectId":"medi-app-1-715b8"} {"metadata":{"emulator":{"name":"functions"},"function":{"name":"us-central1-api"},"message":"[runtime-status] [10204] initializeApp(DEFAULT) {\"storageBucket\":\"medi-app-1-715b8.appspot.com\",\"projectId\":\"medi-app-1-715b8\"}"}}
[debug] [2021-10-19T17:49:59.163Z] [runtime-status] [10204] Trigger "us-central1-api" has been found, beginning invocation! {"metadata":{"emulator":{"name":"functions"},"function":{"name":"us-central1-api"},"message":"[runtime-status] [10204] Trigger \"us-central1-api\" has been found, beginning invocation!"}}
[info] i  functions: Beginning execution of "us-central1-api" {"metadata":{"emulator":{"name":"functions"},"function":{"name":"us-central1-api"},"message":"Beginning execution of \"us-central1-api\""}}
[debug] [2021-10-19T17:49:59.164Z] [runtime-status] [10204] triggerDefinition {"httpsTrigger":{},"name":"api","entryPoint":"api","regions":["us-central1"],"region":"us-central1","id":"us-central1-api"} {"metadata":{"emulator":{"name":"functions"},"function":{"name":"us-central1-api"},"message":"[runtime-status] [10204] triggerDefinition {\"httpsTrigger\":{},\"name\":\"api\",\"entryPoint\":\"api\",\"regions\":[\"us-central1\"],\"region\":\"us-central1\",\"id\":\"us-central1-api\"}"}}
[debug] [2021-10-19T17:49:59.165Z] [runtime-status] [10204] Running us-central1-api in signature http {"metadata":{"emulator":{"name":"functions"},"function":{"name":"us-central1-api"},"message":"[runtime-status] [10204] Running us-central1-api in signature http"}}
[debug] [2021-10-19T17:49:59.170Z] [runtime-status] [10204] Attempting to listen to socketPath: \\?\pipe\F:\PRIVAT\WEB\medication-counter-app-react\functions\10204 {"metadata":{"emulator":{"name":"functions"},"function":{"name":"us-central1-api"},"message":"[runtime-status] [10204] Attempting to listen to socketPath: \\\\?\\pipe\\F:\\PRIVAT\\WEB\\medication-counter-app-react\\functions\\10204"}}
[debug] [2021-10-19T17:49:59.174Z] [functions] Runtime ready! Sending request! {"metadata":{"emulator":{"name":"functions"},"message":"[functions] Runtime ready! Sending request!"}}
[debug] [2021-10-19T17:49:59.175Z] [functions] Got req.url=/medi-app-1-715b8/us-central1/api, mapping to path=/ {"metadata":{"emulator":{"name":"functions"},"message":"[functions] Got req.url=/medi-app-1-715b8/us-central1/api, mapping to path=/"}}
[debug] [2021-10-19T17:49:59.182Z] [runtime-status] [10204] Ephemeral server handling GET request {"metadata":{"emulator":{"name":"functions"},"function":{"name":"us-central1-api"},"message":"[runtime-status] [10204] Ephemeral server handling GET request"}}
[debug] [2021-10-19T17:49:59.194Z] [runtime-status] [10204] Ephemeral server survived. {"metadata":{"emulator":{"name":"functions"},"function":{"name":"us-central1-api"},"message":"[runtime-status] [10204] Ephemeral server survived."}}
[info] i  functions: Finished "us-central1-api" in ~1s {"metadata":{"emulator":{"name":"functions"},"function":{"name":"us-central1-api"},"message":"Finished \"us-central1-api\" in ~1s"}}
[debug] [2021-10-19T17:49:59.199Z] [worker-us-central1-api-40576917-1627-41b8-b53a-9dedc194d193]: IDLE {"metadata":{"emulator":{"name":"functions"},"message":"[worker-us-central1-api-40576917-1627-41b8-b53a-9dedc194d193]: IDLE"}}
[debug] [2021-10-19T17:49:59.199Z] [work-queue] {"queueLength":0,"workRunningCount":0}
